0 info it worked if it ends with ok
1 verbose cli [ '/Users/Roy/.nvm/versions/node/v6.9.0/bin/node',
1 verbose cli   '/Users/Roy/.nvm/versions/node/v6.9.0/bin/npm',
1 verbose cli   'publish',
1 verbose cli   'patch' ]
2 info using npm@3.10.8
3 info using node@v6.9.0
4 verbose publish [ 'patch' ]
5 silly cache add args [ 'patch', null ]
6 verbose cache add spec patch
7 silly cache add parsed spec Result {
7 silly cache add   raw: 'patch',
7 silly cache add   scope: null,
7 silly cache add   escapedName: 'patch',
7 silly cache add   name: 'patch',
7 silly cache add   rawSpec: '',
7 silly cache add   spec: 'latest',
7 silly cache add   type: 'tag' }
8 silly addNamed patch@latest
9 verbose addNamed "latest" is being treated as a dist-tag for patch
10 info addNameTag [ 'patch', 'latest' ]
11 silly mapToRegistry name patch
12 silly mapToRegistry using default registry
13 silly mapToRegistry registry https://registry.npmjs.org/
14 silly mapToRegistry data Result {
14 silly mapToRegistry   raw: 'patch',
14 silly mapToRegistry   scope: null,
14 silly mapToRegistry   escapedName: 'patch',
14 silly mapToRegistry   name: 'patch',
14 silly mapToRegistry   rawSpec: '',
14 silly mapToRegistry   spec: 'latest',
14 silly mapToRegistry   type: 'tag' }
15 silly mapToRegistry uri https://registry.npmjs.org/patch
16 verbose addNameTag registry:https://registry.npmjs.org/patch not in flight; fetching
17 verbose request uri https://registry.npmjs.org/patch
18 verbose request no auth needed
19 info attempt registry request try #1 at 18:53:06
20 verbose request using bearer token for auth
21 verbose request id 82ff9b573ee6ae6f
22 http request GET https://registry.npmjs.org/patch
23 http 200 https://registry.npmjs.org/patch
24 verbose headers { server: 'nginx/1.10.1',
24 verbose headers   'content-type': 'application/json',
24 verbose headers   'last-modified': 'Fri, 13 Jun 2014 22:42:17 GMT',
24 verbose headers   etag: 'W/"539b7e49-138f"',
24 verbose headers   'content-encoding': 'gzip',
24 verbose headers   'cache-control': 'max-age=300',
24 verbose headers   'transfer-encoding': 'chunked',
24 verbose headers   'accept-ranges': 'bytes',
24 verbose headers   date: 'Fri, 10 Nov 2017 10:53:02 GMT',
24 verbose headers   via: '1.1 varnish',
24 verbose headers   connection: 'keep-alive',
24 verbose headers   'x-served-by': 'cache-nrt6134-NRT',
24 verbose headers   'x-cache': 'MISS',
24 verbose headers   'x-cache-hits': '0',
24 verbose headers   'x-timer': 'S1510311182.296779,VS0,VE497',
24 verbose headers   vary: 'Accept-Encoding, Accept' }
25 silly get cb [ 200,
25 silly get   { server: 'nginx/1.10.1',
25 silly get     'content-type': 'application/json',
25 silly get     'last-modified': 'Fri, 13 Jun 2014 22:42:17 GMT',
25 silly get     etag: 'W/"539b7e49-138f"',
25 silly get     'content-encoding': 'gzip',
25 silly get     'cache-control': 'max-age=300',
25 silly get     'transfer-encoding': 'chunked',
25 silly get     'accept-ranges': 'bytes',
25 silly get     date: 'Fri, 10 Nov 2017 10:53:02 GMT',
25 silly get     via: '1.1 varnish',
25 silly get     connection: 'keep-alive',
25 silly get     'x-served-by': 'cache-nrt6134-NRT',
25 silly get     'x-cache': 'MISS',
25 silly get     'x-cache-hits': '0',
25 silly get     'x-timer': 'S1510311182.296779,VS0,VE497',
25 silly get     vary: 'Accept-Encoding, Accept' } ]
26 verbose get saving patch to /Users/Roy/.npm/registry.npmjs.org/patch/.cache.json
27 verbose correctMkdir /Users/Roy/.npm correctMkdir not in flight; initializing
28 silly addNameTag next cb for patch with tag latest
29 silly addNamed patch@0.0.1
30 verbose addNamed "0.0.1" is a plain semver version for patch
31 silly mapToRegistry name patch
32 silly mapToRegistry using default registry
33 silly mapToRegistry registry https://registry.npmjs.org/
34 silly mapToRegistry data Result {
34 silly mapToRegistry   raw: 'patch',
34 silly mapToRegistry   scope: null,
34 silly mapToRegistry   escapedName: 'patch',
34 silly mapToRegistry   name: 'patch',
34 silly mapToRegistry   rawSpec: '',
34 silly mapToRegistry   spec: 'latest',
34 silly mapToRegistry   type: 'tag' }
35 silly mapToRegistry uri https://registry.npmjs.org/patch
36 verbose addRemoteTarball https://registry.npmjs.org/patch/-/patch-0.0.1.tgz not in flight; adding
37 verbose addRemoteTarball [ 'https://registry.npmjs.org/patch/-/patch-0.0.1.tgz',
37 verbose addRemoteTarball   '293056dbbc71c979a1b7273308b12c5460246833' ]
38 info retry fetch attempt 1 at 18:53:08
39 info attempt registry request try #1 at 18:53:08
40 http fetch GET https://registry.npmjs.org/patch/-/patch-0.0.1.tgz
41 verbose request using bearer token for auth
42 http fetch 200 https://registry.npmjs.org/patch/-/patch-0.0.1.tgz
43 silly fetchAndShaCheck shasum 293056dbbc71c979a1b7273308b12c5460246833
44 verbose addTmpTarball /var/folders/cz/hb8k25rj7hsdv8fy3t74xccw0000gn/T/npm-96552-c61ad041/registry.npmjs.org/patch/-/patch-0.0.1.tgz not in flight; adding
45 verbose addTmpTarball already have metadata; skipping unpack for patch@0.0.1
46 verbose correctMkdir /Users/Roy/.npm correctMkdir not in flight; initializing
47 silly cache afterAdd patch@0.0.1
48 verbose afterAdd /Users/Roy/.npm/patch/0.0.1/package/package.json not in flight; writing
49 verbose correctMkdir /Users/Roy/.npm correctMkdir not in flight; initializing
50 verbose afterAdd /Users/Roy/.npm/patch/0.0.1/package/package.json written
51 silly publish { name: 'patch',
51 silly publish   version: '0.0.1',
51 silly publish   description: 'an object patching tool',
51 silly publish   main: 'patch.js',
51 silly publish   directories: { test: 'tests' },
51 silly publish   dependencies: {},
51 silly publish   devDependencies: { specify: '~1.1.2' },
51 silly publish   scripts: { test: 'node tests/*.js' },
51 silly publish   repository: '',
51 silly publish   author: { name: 'john chesley', email: 'john@chesl.es' },
51 silly publish   license: 'MIT',
51 silly publish   _id: 'patch@0.0.1',
51 silly publish   dist:
51 silly publish    { shasum: '293056dbbc71c979a1b7273308b12c5460246833',
51 silly publish      tarball: 'https://registry.npmjs.org/patch/-/patch-0.0.1.tgz' },
51 silly publish   _npmVersion: '1.1.65',
51 silly publish   _npmUser: { name: 'chesles', email: 'john@chesl.es' },
51 silly publish   maintainers: [ { name: 'chesles', email: 'john@chesl.es' } ],
51 silly publish   _shasum: '293056dbbc71c979a1b7273308b12c5460246833',
51 silly publish   _resolved: 'https://registry.npmjs.org/patch/-/patch-0.0.1.tgz',
51 silly publish   _from: 'patch@latest' }
52 info lifecycle patch@0.0.1~prepublish: patch@0.0.1
53 silly lifecycle patch@0.0.1~prepublish: no script for prepublish, continuing
54 verbose getPublishConfig undefined
55 silly mapToRegistry name patch
56 silly mapToRegistry using default registry
57 silly mapToRegistry registry https://registry.npmjs.org/
58 silly mapToRegistry data Result {
58 silly mapToRegistry   raw: 'patch',
58 silly mapToRegistry   scope: null,
58 silly mapToRegistry   escapedName: 'patch',
58 silly mapToRegistry   name: 'patch',
58 silly mapToRegistry   rawSpec: '',
58 silly mapToRegistry   spec: 'latest',
58 silly mapToRegistry   type: 'tag' }
59 silly mapToRegistry uri https://registry.npmjs.org/patch
60 verbose publish registryBase https://registry.npmjs.org/
61 silly publish uploading /Users/Roy/.npm/patch/0.0.1/package.tgz
62 verbose request uri https://registry.npmjs.org/patch
63 verbose request sending authorization for write operation
64 info attempt registry request try #1 at 18:53:08
65 verbose request using bearer token for auth
66 http request PUT https://registry.npmjs.org/patch
67 http 403 https://registry.npmjs.org/patch
68 verbose headers { 'content-type': 'application/json',
68 verbose headers   'cache-control': 'max-age=300',
68 verbose headers   'content-length': '99',
68 verbose headers   'accept-ranges': 'bytes',
68 verbose headers   date: 'Fri, 10 Nov 2017 10:53:04 GMT',
68 verbose headers   via: '1.1 varnish',
68 verbose headers   connection: 'keep-alive',
68 verbose headers   'x-served-by': 'cache-nrt6134-NRT',
68 verbose headers   'x-cache': 'MISS',
68 verbose headers   'x-cache-hits': '0',
68 verbose headers   'x-timer': 'S1510311184.719978,VS0,VE515',
68 verbose headers   vary: 'Accept-Encoding, Accept' }
69 verbose request invalidating /Users/Roy/.npm/registry.npmjs.org/patch on PUT
70 error publish Failed PUT 403
71 verbose stack Error: You do not have permission to publish "patch". Are you logged in as the correct user? : patch
71 verbose stack     at makeError (/Users/Roy/.nvm/versions/node/v6.9.0/lib/node_modules/npm/node_modules/npm-registry-client/lib/request.js:302:12)
71 verbose stack     at CachingRegistryClient.<anonymous> (/Users/Roy/.nvm/versions/node/v6.9.0/lib/node_modules/npm/node_modules/npm-registry-client/lib/request.js:290:14)
71 verbose stack     at Request._callback (/Users/Roy/.nvm/versions/node/v6.9.0/lib/node_modules/npm/node_modules/npm-registry-client/lib/request.js:210:14)
71 verbose stack     at Request.self.callback (/Users/Roy/.nvm/versions/node/v6.9.0/lib/node_modules/npm/node_modules/request/request.js:187:22)
71 verbose stack     at emitTwo (events.js:106:13)
71 verbose stack     at Request.emit (events.js:191:7)
71 verbose stack     at Request.<anonymous> (/Users/Roy/.nvm/versions/node/v6.9.0/lib/node_modules/npm/node_modules/request/request.js:1044:10)
71 verbose stack     at emitOne (events.js:96:13)
71 verbose stack     at Request.emit (events.js:188:7)
71 verbose stack     at IncomingMessage.<anonymous> (/Users/Roy/.nvm/versions/node/v6.9.0/lib/node_modules/npm/node_modules/request/request.js:965:12)
72 verbose statusCode 403
73 verbose pkgid patch
74 verbose cwd /Users/Roy/program/atom-package/atom-minxing-package/node_modules/minxing-tools-core
75 error Darwin 16.7.0
76 error argv "/Users/Roy/.nvm/versions/node/v6.9.0/bin/node" "/Users/Roy/.nvm/versions/node/v6.9.0/bin/npm" "publish" "patch"
77 error node v6.9.0
78 error npm  v3.10.8
79 error code E403
80 error You do not have permission to publish "patch". Are you logged in as the correct user? : patch
81 error If you need help, you may report this error at:
81 error     <https://github.com/npm/npm/issues>
82 verbose exit [ 1, true ]
